<?xml version="1.0" encoding="UTF-8"?>
<testsuite name="hello.demo.SpringConfigTest" tests="1" skipped="0" failures="0" errors="0" timestamp="2023-03-31T06:30:51" hostname="wooui-MacBookAir.local" time="0.192">
  <properties/>
  <testcase name="printBeanList()" classname="hello.demo.SpringConfigTest" time="0.192"/>
  <system-out><![CDATA[15:30:50.122 [Test worker] DEBUG org.springframework.test.context.BootstrapUtils - Instantiating CacheAwareContextLoaderDelegate from class [org.springframework.test.context.cache.DefaultCacheAwareContextLoaderDelegate]
15:30:50.127 [Test worker] DEBUG org.springframework.test.context.BootstrapUtils - Instantiating BootstrapContext using constructor [public org.springframework.test.context.support.DefaultBootstrapContext(java.lang.Class,org.springframework.test.context.CacheAwareContextLoaderDelegate)]
15:30:50.141 [Test worker] DEBUG org.springframework.test.context.BootstrapUtils - Instantiating TestContextBootstrapper for test class [hello.demo.SpringConfigTest] from class [org.springframework.boot.test.context.SpringBootTestContextBootstrapper]
15:30:50.146 [Test worker] INFO org.springframework.boot.test.context.SpringBootTestContextBootstrapper - Neither @ContextConfiguration nor @ContextHierarchy found for test class [hello.demo.SpringConfigTest], using SpringBootContextLoader
15:30:50.148 [Test worker] DEBUG org.springframework.test.context.support.AbstractContextLoader - Did not detect default resource location for test class [hello.demo.SpringConfigTest]: class path resource [hello/demo/SpringConfigTest-context.xml] does not exist
15:30:50.148 [Test worker] DEBUG org.springframework.test.context.support.AbstractContextLoader - Did not detect default resource location for test class [hello.demo.SpringConfigTest]: class path resource [hello/demo/SpringConfigTestContext.groovy] does not exist
15:30:50.148 [Test worker] INFO org.springframework.test.context.support.AbstractContextLoader - Could not detect default resource locations for test class [hello.demo.SpringConfigTest]: no resource found for suffixes {-context.xml, Context.groovy}.
15:30:50.148 [Test worker] INFO org.springframework.test.context.support.AnnotationConfigContextLoaderUtils - Could not detect default configuration classes for test class [hello.demo.SpringConfigTest]: SpringConfigTest does not declare any static, non-private, non-final, nested classes annotated with @Configuration.
15:30:50.166 [Test worker] DEBUG org.springframework.test.context.support.ActiveProfilesUtils - Could not find an 'annotation declaring class' for annotation type [org.springframework.test.context.ActiveProfiles] and class [hello.demo.SpringConfigTest]
15:30:50.193 [Test worker] DEBUG org.springframework.context.annotation.ClassPathScanningCandidateComponentProvider - Identified candidate component class: file [/Users/woo/Desktop/code/StudySpring/MVC2file/build/classes/java/main/hello/demo/DemoApplication.class]
15:30:50.193 [Test worker] INFO org.springframework.boot.test.context.SpringBootTestContextBootstrapper - Found @SpringBootConfiguration hello.demo.DemoApplication for test class hello.demo.SpringConfigTest
15:30:50.239 [Test worker] DEBUG org.springframework.boot.test.context.SpringBootTestContextBootstrapper - @TestExecutionListeners is not present for class [hello.demo.SpringConfigTest]: using defaults.
15:30:50.239 [Test worker] INFO org.springframework.boot.test.context.SpringBootTestContextBootstrapper - Loaded default TestExecutionListener class names from location [META-INF/spring.factories]: [org.springframework.boot.test.autoconfigure.restdocs.RestDocsTestExecutionListener, org.springframework.boot.test.autoconfigure.web.client.MockRestServiceServerResetTestExecutionListener, org.springframework.boot.test.autoconfigure.web.servlet.MockMvcPrintOnlyOnFailureTestExecutionListener, org.springframework.boot.test.autoconfigure.web.servlet.WebDriverTestExecutionListener, org.springframework.boot.test.autoconfigure.webservices.client.MockWebServiceServerTestExecutionListener, org.springframework.boot.test.mock.mockito.MockitoTestExecutionListener, org.springframework.boot.test.mock.mockito.ResetMocksTestExecutionListener, org.springframework.test.context.web.ServletTestExecutionListener, org.springframework.test.context.support.DirtiesContextBeforeModesTestExecutionListener, org.springframework.test.context.event.ApplicationEventsTestExecutionListener, org.springframework.test.context.support.DependencyInjectionTestExecutionListener, org.springframework.test.context.support.DirtiesContextTestExecutionListener, org.springframework.test.context.transaction.TransactionalTestExecutionListener, org.springframework.test.context.jdbc.SqlScriptsTestExecutionListener, org.springframework.test.context.event.EventPublishingTestExecutionListener]
15:30:50.245 [Test worker] DEBUG org.springframework.boot.test.context.SpringBootTestContextBootstrapper - Skipping candidate TestExecutionListener [org.springframework.test.context.transaction.TransactionalTestExecutionListener] due to a missing dependency. Specify custom listener classes or make the default listener classes and their required dependencies available. Offending class: [org/springframework/transaction/interceptor/TransactionAttributeSource]
15:30:50.246 [Test worker] DEBUG org.springframework.boot.test.context.SpringBootTestContextBootstrapper - Skipping candidate TestExecutionListener [org.springframework.test.context.jdbc.SqlScriptsTestExecutionListener] due to a missing dependency. Specify custom listener classes or make the default listener classes and their required dependencies available. Offending class: [org/springframework/transaction/interceptor/TransactionAttribute]
15:30:50.246 [Test worker] INFO org.springframework.boot.test.context.SpringBootTestContextBootstrapper - Using TestExecutionListeners: [org.springframework.test.context.web.ServletTestExecutionListener@384fc774, org.springframework.test.context.support.DirtiesContextBeforeModesTestExecutionListener@e3cee7b, org.springframework.test.context.event.ApplicationEventsTestExecutionListener@71e9a896, org.springframework.boot.test.mock.mockito.MockitoTestExecutionListener@6b9267b, org.springframework.boot.test.autoconfigure.SpringBootDependencyInjectionTestExecutionListener@408b35bf, org.springframework.test.context.support.DirtiesContextTestExecutionListener@29ad44e3, org.springframework.test.context.event.EventPublishingTestExecutionListener@15bcf458, org.springframework.boot.test.autoconfigure.restdocs.RestDocsTestExecutionListener@5af9926a, org.springframework.boot.test.autoconfigure.web.client.MockRestServiceServerResetTestExecutionListener@43c67247, org.springframework.boot.test.autoconfigure.web.servlet.MockMvcPrintOnlyOnFailureTestExecutionListener@fac80, org.springframework.boot.test.autoconfigure.web.servlet.WebDriverTestExecutionListener@726386ed, org.springframework.boot.test.autoconfigure.webservices.client.MockWebServiceServerTestExecutionListener@649f2009, org.springframework.boot.test.mock.mockito.ResetMocksTestExecutionListener@14bb2297]
15:30:50.247 [Test worker] DEBUG org.springframework.test.context.support.AbstractDirtiesContextTestExecutionListener - Before test class: context [DefaultTestContext@200606de testClass = SpringConfigTest, testInstance = [null], testMethod = [null], testException = [null], mergedContextConfiguration = [WebMergedContextConfiguration@750fe12e testClass = SpringConfigTest, locations = '{}', classes = '{class hello.demo.DemoApplication}', contextInitializerClasses = '[]', activeProfiles = '{}', propertySourceLocations = '{}', propertySourceProperties = '{org.springframework.boot.test.context.SpringBootTestContextBootstrapper=true}', contextCustomizers = set[org.springframework.boot.test.autoconfigure.actuate.metrics.MetricsExportContextCustomizerFactory$DisableMetricExportContextCustomizer@aeab9a1, org.springframework.boot.test.autoconfigure.properties.PropertyMappingContextCustomizer@0, org.springframework.boot.test.autoconfigure.web.servlet.WebDriverContextCustomizerFactory$Customizer@3a3e4aff, org.springframework.boot.test.context.filter.ExcludeFilterContextCustomizer@78fbff54, org.springframework.boot.test.json.DuplicateJsonObjectContextCustomizerFactory$DuplicateJsonObjectContextCustomizer@6941827a, org.springframework.boot.test.mock.mockito.MockitoContextCustomizer@0, org.springframework.boot.test.web.client.TestRestTemplateContextCustomizer@3f792b9b, org.springframework.boot.test.context.SpringBootTestArgs@1, org.springframework.boot.test.context.SpringBootTestWebEnvironment@7d9f158f], resourceBasePath = 'src/main/webapp', contextLoader = 'org.springframework.boot.test.context.SpringBootContextLoader', parent = [null]], attributes = map['org.springframework.test.context.web.ServletTestExecutionListener.activateListener' -> true]], class annotated with @DirtiesContext [false] with mode [null].

  .   ____          _            __ _ _
 /\\ / ___'_ __ _ _(_)_ __  __ _ \ \ \ \
( ( )\___ | '_ | '_| | '_ \/ _` | \ \ \ \
 \\/  ___)| |_)| | | | | || (_| |  ) ) ) )
  '  |____| .__|_| |_|_| |_\__, | / / / /
 =========|_|==============|___/=/_/_/_/
 :: Spring Boot ::               (v2.7.10)

2023-03-31 15:30:50.667  INFO 92792 --- [    Test worker] hello.demo.SpringConfigTest              : Starting SpringConfigTest using Java 11.0.14.1 on wooui-MacBookAir.local with PID 92792 (started by woo in /Users/woo/Desktop/code/StudySpring/MVC2file)
2023-03-31 15:30:50.668  INFO 92792 --- [    Test worker] hello.demo.SpringConfigTest              : No active profile set, falling back to 1 default profile: "default"
2023-03-31 15:30:51.191  INFO 92792 --- [    Test worker] o.s.b.a.w.s.WelcomePageHandlerMapping    : Adding welcome page template: index
2023-03-31 15:30:51.308  INFO 92792 --- [    Test worker] hello.demo.SpringConfigTest              : Started SpringConfigTest in 1.043 seconds (JVM running for 1.576)
빈의 개수는 146개 입니다
]]></system-out>
  <system-err><![CDATA[]]></system-err>
</testsuite>
