<?xml version="1.0" encoding="UTF-8"?>
<testsuite name="hello.springtx.propagation.MemberServiceTest" tests="2" skipped="0" failures="0" errors="0" timestamp="2023-04-21T20:43:26" hostname="wooui-MacBookAir.local" time="0.215">
  <properties/>
  <testcase name="outerTxOn_faile()" classname="hello.springtx.propagation.MemberServiceTest" time="0.194"/>
  <testcase name="recoverException_success()" classname="hello.springtx.propagation.MemberServiceTest" time="0.019"/>
  <system-out><![CDATA[05:43:25.278 [Test worker] DEBUG org.springframework.test.context.BootstrapUtils - Instantiating CacheAwareContextLoaderDelegate from class [org.springframework.test.context.cache.DefaultCacheAwareContextLoaderDelegate]
05:43:25.286 [Test worker] DEBUG org.springframework.test.context.BootstrapUtils - Instantiating BootstrapContext using constructor [public org.springframework.test.context.support.DefaultBootstrapContext(java.lang.Class,org.springframework.test.context.CacheAwareContextLoaderDelegate)]
05:43:25.302 [Test worker] DEBUG org.springframework.test.context.BootstrapUtils - Instantiating TestContextBootstrapper for test class [hello.springtx.propagation.MemberServiceTest] from class [org.springframework.boot.test.context.SpringBootTestContextBootstrapper]
05:43:25.307 [Test worker] INFO org.springframework.boot.test.context.SpringBootTestContextBootstrapper - Neither @ContextConfiguration nor @ContextHierarchy found for test class [hello.springtx.propagation.MemberServiceTest], using SpringBootContextLoader
05:43:25.309 [Test worker] DEBUG org.springframework.test.context.support.AbstractContextLoader - Did not detect default resource location for test class [hello.springtx.propagation.MemberServiceTest]: class path resource [hello/springtx/propagation/MemberServiceTest-context.xml] does not exist
05:43:25.309 [Test worker] DEBUG org.springframework.test.context.support.AbstractContextLoader - Did not detect default resource location for test class [hello.springtx.propagation.MemberServiceTest]: class path resource [hello/springtx/propagation/MemberServiceTestContext.groovy] does not exist
05:43:25.309 [Test worker] INFO org.springframework.test.context.support.AbstractContextLoader - Could not detect default resource locations for test class [hello.springtx.propagation.MemberServiceTest]: no resource found for suffixes {-context.xml, Context.groovy}.
05:43:25.309 [Test worker] INFO org.springframework.test.context.support.AnnotationConfigContextLoaderUtils - Could not detect default configuration classes for test class [hello.springtx.propagation.MemberServiceTest]: MemberServiceTest does not declare any static, non-private, non-final, nested classes annotated with @Configuration.
05:43:25.326 [Test worker] DEBUG org.springframework.test.context.support.ActiveProfilesUtils - Could not find an 'annotation declaring class' for annotation type [org.springframework.test.context.ActiveProfiles] and class [hello.springtx.propagation.MemberServiceTest]
05:43:25.357 [Test worker] DEBUG org.springframework.context.annotation.ClassPathScanningCandidateComponentProvider - Identified candidate component class: file [/Users/woo/Desktop/code/StudySpring/DB2프록시/build/classes/java/main/hello/springtx/SpringtxApplication.class]
05:43:25.358 [Test worker] INFO org.springframework.boot.test.context.SpringBootTestContextBootstrapper - Found @SpringBootConfiguration hello.springtx.SpringtxApplication for test class hello.springtx.propagation.MemberServiceTest
05:43:25.398 [Test worker] DEBUG org.springframework.boot.test.context.SpringBootTestContextBootstrapper - @TestExecutionListeners is not present for class [hello.springtx.propagation.MemberServiceTest]: using defaults.
05:43:25.399 [Test worker] INFO org.springframework.boot.test.context.SpringBootTestContextBootstrapper - Loaded default TestExecutionListener class names from location [META-INF/spring.factories]: [org.springframework.boot.test.autoconfigure.restdocs.RestDocsTestExecutionListener, org.springframework.boot.test.autoconfigure.web.client.MockRestServiceServerResetTestExecutionListener, org.springframework.boot.test.autoconfigure.web.servlet.MockMvcPrintOnlyOnFailureTestExecutionListener, org.springframework.boot.test.autoconfigure.web.servlet.WebDriverTestExecutionListener, org.springframework.boot.test.autoconfigure.webservices.client.MockWebServiceServerTestExecutionListener, org.springframework.boot.test.mock.mockito.MockitoTestExecutionListener, org.springframework.boot.test.mock.mockito.ResetMocksTestExecutionListener, org.springframework.test.context.web.ServletTestExecutionListener, org.springframework.test.context.support.DirtiesContextBeforeModesTestExecutionListener, org.springframework.test.context.event.ApplicationEventsTestExecutionListener, org.springframework.test.context.support.DependencyInjectionTestExecutionListener, org.springframework.test.context.support.DirtiesContextTestExecutionListener, org.springframework.test.context.transaction.TransactionalTestExecutionListener, org.springframework.test.context.jdbc.SqlScriptsTestExecutionListener, org.springframework.test.context.event.EventPublishingTestExecutionListener]
05:43:25.402 [Test worker] DEBUG org.springframework.boot.test.context.SpringBootTestContextBootstrapper - Skipping candidate TestExecutionListener [org.springframework.test.context.web.ServletTestExecutionListener] due to a missing dependency. Specify custom listener classes or make the default listener classes and their required dependencies available. Offending class: [javax/servlet/ServletContext]
05:43:25.405 [Test worker] INFO org.springframework.boot.test.context.SpringBootTestContextBootstrapper - Using TestExecutionListeners: [org.springframework.test.context.support.DirtiesContextBeforeModesTestExecutionListener@52eacb4b, org.springframework.test.context.event.ApplicationEventsTestExecutionListener@5528a42c, org.springframework.boot.test.mock.mockito.MockitoTestExecutionListener@2a551a63, org.springframework.boot.test.autoconfigure.SpringBootDependencyInjectionTestExecutionListener@1a6f5124, org.springframework.test.context.support.DirtiesContextTestExecutionListener@1edb61b1, org.springframework.test.context.transaction.TransactionalTestExecutionListener@ec2bf82, org.springframework.test.context.jdbc.SqlScriptsTestExecutionListener@cc62a3b, org.springframework.test.context.event.EventPublishingTestExecutionListener@6cc0bcf6, org.springframework.boot.test.autoconfigure.restdocs.RestDocsTestExecutionListener@29539e36, org.springframework.boot.test.autoconfigure.web.client.MockRestServiceServerResetTestExecutionListener@32f61a31, org.springframework.boot.test.autoconfigure.web.servlet.MockMvcPrintOnlyOnFailureTestExecutionListener@f5c79a6, org.springframework.boot.test.autoconfigure.web.servlet.WebDriverTestExecutionListener@669253b7, org.springframework.boot.test.autoconfigure.webservices.client.MockWebServiceServerTestExecutionListener@5305c37d, org.springframework.boot.test.mock.mockito.ResetMocksTestExecutionListener@51a06cbe]
05:43:25.406 [Test worker] DEBUG org.springframework.test.context.support.AbstractDirtiesContextTestExecutionListener - Before test class: context [DefaultTestContext@27f9e982 testClass = MemberServiceTest, testInstance = [null], testMethod = [null], testException = [null], mergedContextConfiguration = [MergedContextConfiguration@4593ff34 testClass = MemberServiceTest, locations = '{}', classes = '{class hello.springtx.SpringtxApplication}', contextInitializerClasses = '[]', activeProfiles = '{}', propertySourceLocations = '{}', propertySourceProperties = '{org.springframework.boot.test.context.SpringBootTestContextBootstrapper=true}', contextCustomizers = set[org.springframework.boot.test.autoconfigure.actuate.metrics.MetricsExportContextCustomizerFactory$DisableMetricExportContextCustomizer@7c541c15, org.springframework.boot.test.autoconfigure.properties.PropertyMappingContextCustomizer@0, org.springframework.boot.test.autoconfigure.web.servlet.WebDriverContextCustomizerFactory$Customizer@7516e4e5, org.springframework.boot.test.context.filter.ExcludeFilterContextCustomizer@3e7634b9, org.springframework.boot.test.json.DuplicateJsonObjectContextCustomizerFactory$DuplicateJsonObjectContextCustomizer@abf688e, org.springframework.boot.test.mock.mockito.MockitoContextCustomizer@0, org.springframework.boot.test.web.client.TestRestTemplateContextCustomizer@607fbe09, org.springframework.boot.test.context.SpringBootTestArgs@1, org.springframework.boot.test.context.SpringBootTestWebEnvironment@4a07d605], contextLoader = 'org.springframework.boot.test.context.SpringBootContextLoader', parent = [null]], attributes = map[[empty]]], class annotated with @DirtiesContext [false] with mode [null].
05:43:25.411 [Test worker] DEBUG org.springframework.test.context.support.DependencyInjectionTestExecutionListener - Performing dependency injection for test context [[DefaultTestContext@27f9e982 testClass = MemberServiceTest, testInstance = hello.springtx.propagation.MemberServiceTest@4d0402b, testMethod = [null], testException = [null], mergedContextConfiguration = [MergedContextConfiguration@4593ff34 testClass = MemberServiceTest, locations = '{}', classes = '{class hello.springtx.SpringtxApplication}', contextInitializerClasses = '[]', activeProfiles = '{}', propertySourceLocations = '{}', propertySourceProperties = '{org.springframework.boot.test.context.SpringBootTestContextBootstrapper=true}', contextCustomizers = set[org.springframework.boot.test.autoconfigure.actuate.metrics.MetricsExportContextCustomizerFactory$DisableMetricExportContextCustomizer@7c541c15, org.springframework.boot.test.autoconfigure.properties.PropertyMappingContextCustomizer@0, org.springframework.boot.test.autoconfigure.web.servlet.WebDriverContextCustomizerFactory$Customizer@7516e4e5, org.springframework.boot.test.context.filter.ExcludeFilterContextCustomizer@3e7634b9, org.springframework.boot.test.json.DuplicateJsonObjectContextCustomizerFactory$DuplicateJsonObjectContextCustomizer@abf688e, org.springframework.boot.test.mock.mockito.MockitoContextCustomizer@0, org.springframework.boot.test.web.client.TestRestTemplateContextCustomizer@607fbe09, org.springframework.boot.test.context.SpringBootTestArgs@1, org.springframework.boot.test.context.SpringBootTestWebEnvironment@4a07d605], contextLoader = 'org.springframework.boot.test.context.SpringBootContextLoader', parent = [null]], attributes = map['org.springframework.test.context.event.ApplicationEventsTestExecutionListener.recordApplicationEvents' -> false]]].

  .   ____          _            __ _ _
 /\\ / ___'_ __ _ _(_)_ __  __ _ \ \ \ \
( ( )\___ | '_ | '_| | '_ \/ _` | \ \ \ \
 \\/  ___)| |_)| | | | | || (_| |  ) ) ) )
  '  |____| .__|_| |_|_| |_\__, | / / / /
 =========|_|==============|___/=/_/_/_/
 :: Spring Boot ::               (v2.7.10)

2023-04-22 05:43:25.549  INFO 69481 --- [    Test worker] h.s.propagation.MemberServiceTest        : Starting MemberServiceTest using Java 11.0.14.1 on wooui-MacBookAir.local with PID 69481 (started by woo in /Users/woo/Desktop/code/StudySpring/DB2프록시)
2023-04-22 05:43:25.549  INFO 69481 --- [    Test worker] h.s.propagation.MemberServiceTest        : No active profile set, falling back to 1 default profile: "default"
2023-04-22 05:43:25.740  INFO 69481 --- [    Test worker] .s.d.r.c.RepositoryConfigurationDelegate : Bootstrapping Spring Data JPA repositories in DEFAULT mode.
2023-04-22 05:43:25.762  INFO 69481 --- [    Test worker] .s.d.r.c.RepositoryConfigurationDelegate : Finished Spring Data repository scanning in 19 ms. Found 1 JPA repository interfaces.
2023-04-22 05:43:25.949  INFO 69481 --- [    Test worker] com.zaxxer.hikari.HikariDataSource       : HikariPool-1 - Starting...
2023-04-22 05:43:26.050  INFO 69481 --- [    Test worker] com.zaxxer.hikari.HikariDataSource       : HikariPool-1 - Start completed.
2023-04-22 05:43:26.091  INFO 69481 --- [    Test worker] o.hibernate.jpa.internal.util.LogHelper  : HHH000204: Processing PersistenceUnitInfo [name: default]
2023-04-22 05:43:26.114  INFO 69481 --- [    Test worker] org.hibernate.Version                    : HHH000412: Hibernate ORM core version 5.6.15.Final
2023-04-22 05:43:26.204  INFO 69481 --- [    Test worker] o.hibernate.annotations.common.Version   : HCANN000001: Hibernate Commons Annotations {5.1.2.Final}
2023-04-22 05:43:26.263  INFO 69481 --- [    Test worker] org.hibernate.dialect.Dialect            : HHH000400: Using dialect: org.hibernate.dialect.H2Dialect
2023-04-22 05:43:26.553 DEBUG 69481 --- [    Test worker] org.hibernate.SQL                        : drop table if exists log CASCADE 
2023-04-22 05:43:26.555 DEBUG 69481 --- [    Test worker] org.hibernate.SQL                        : drop table if exists member CASCADE 
2023-04-22 05:43:26.556 DEBUG 69481 --- [    Test worker] org.hibernate.SQL                        : drop table if exists orders CASCADE 
2023-04-22 05:43:26.556 DEBUG 69481 --- [    Test worker] org.hibernate.SQL                        : drop sequence if exists hibernate_sequence
2023-04-22 05:43:26.557 DEBUG 69481 --- [    Test worker] org.hibernate.SQL                        : create sequence hibernate_sequence start with 1 increment by 1
2023-04-22 05:43:26.558 DEBUG 69481 --- [    Test worker] org.hibernate.SQL                        : create table log (id bigint not null, message varchar(255), primary key (id))
2023-04-22 05:43:26.560 DEBUG 69481 --- [    Test worker] org.hibernate.SQL                        : create table member (id bigint not null, username varchar(255), primary key (id))
2023-04-22 05:43:26.561 DEBUG 69481 --- [    Test worker] org.hibernate.SQL                        : create table orders (id bigint not null, pay_status varchar(255), username varchar(255), primary key (id))
2023-04-22 05:43:26.562  INFO 69481 --- [    Test worker] o.h.e.t.j.p.i.JtaPlatformInitiator       : HHH000490: Using JtaPlatform implementation: [org.hibernate.engine.transaction.jta.platform.internal.NoJtaPlatform]
2023-04-22 05:43:26.567  INFO 69481 --- [    Test worker] j.LocalContainerEntityManagerFactoryBean : Initialized JPA EntityManagerFactory for persistence unit 'default'
2023-04-22 05:43:26.796  INFO 69481 --- [    Test worker] h.s.propagation.MemberServiceTest        : Started MemberServiceTest in 1.372 seconds (JVM running for 1.888)
2023-04-22 05:43:26.866 DEBUG 69481 --- [    Test worker] o.s.orm.jpa.JpaTransactionManager        : Creating new transaction with name [hello.springtx.propagation.MemberService.joinV1]: PROPAGATION_REQUIRED,ISOLATION_DEFAULT
2023-04-22 05:43:26.866 DEBUG 69481 --- [    Test worker] o.s.orm.jpa.JpaTransactionManager        : Opened new EntityManager [SessionImpl(407034937<open>)] for JPA transaction
2023-04-22 05:43:26.868 DEBUG 69481 --- [    Test worker] o.s.orm.jpa.JpaTransactionManager        : Exposing JPA transaction as JDBC [org.springframework.orm.jpa.vendor.HibernateJpaDialect$HibernateConnectionHandle@61ca5134]
2023-04-22 05:43:26.868 TRACE 69481 --- [    Test worker] o.s.t.i.TransactionInterceptor           : Getting transaction for [hello.springtx.propagation.MemberService.joinV1]
2023-04-22 05:43:26.874  INFO 69481 --- [    Test worker] h.springtx.propagation.MemberService     : == memberRepository 호출 시작 == 
2023-04-22 05:43:26.874 DEBUG 69481 --- [    Test worker] o.s.orm.jpa.JpaTransactionManager        : Found thread-bound EntityManager [SessionImpl(407034937<open>)] for JPA transaction
2023-04-22 05:43:26.874 DEBUG 69481 --- [    Test worker] o.s.orm.jpa.JpaTransactionManager        : Participating in existing transaction
2023-04-22 05:43:26.874 TRACE 69481 --- [    Test worker] o.s.t.i.TransactionInterceptor           : Getting transaction for [hello.springtx.propagation.MemberRepository.save]
2023-04-22 05:43:26.876  INFO 69481 --- [    Test worker] h.springtx.propagation.MemberRepository  : member 저장
2023-04-22 05:43:26.878 DEBUG 69481 --- [    Test worker] org.hibernate.SQL                        : call next value for hibernate_sequence
2023-04-22 05:43:26.899 TRACE 69481 --- [    Test worker] o.s.t.i.TransactionInterceptor           : Completing transaction for [hello.springtx.propagation.MemberRepository.save]
2023-04-22 05:43:26.899  INFO 69481 --- [    Test worker] h.springtx.propagation.MemberService     : == memberRepository 호출 종료 == 
2023-04-22 05:43:26.899  INFO 69481 --- [    Test worker] h.springtx.propagation.MemberService     : == logRepository 호출 시작 ==
2023-04-22 05:43:26.899 DEBUG 69481 --- [    Test worker] o.s.orm.jpa.JpaTransactionManager        : Found thread-bound EntityManager [SessionImpl(407034937<open>)] for JPA transaction
2023-04-22 05:43:26.899 DEBUG 69481 --- [    Test worker] o.s.orm.jpa.JpaTransactionManager        : Suspending current transaction, creating new transaction with name [hello.springtx.propagation.LogRepository.save]
2023-04-22 05:43:26.900 DEBUG 69481 --- [    Test worker] o.s.orm.jpa.JpaTransactionManager        : Opened new EntityManager [SessionImpl(1811787479<open>)] for JPA transaction
2023-04-22 05:43:26.900 DEBUG 69481 --- [    Test worker] o.s.orm.jpa.JpaTransactionManager        : Exposing JPA transaction as JDBC [org.springframework.orm.jpa.vendor.HibernateJpaDialect$HibernateConnectionHandle@272c5abd]
2023-04-22 05:43:26.900 TRACE 69481 --- [    Test worker] o.s.t.i.TransactionInterceptor           : Getting transaction for [hello.springtx.propagation.LogRepository.save]
2023-04-22 05:43:26.902  INFO 69481 --- [    Test worker] h.springtx.propagation.LogRepository     : log 저장
2023-04-22 05:43:26.903 DEBUG 69481 --- [    Test worker] org.hibernate.SQL                        : call next value for hibernate_sequence
2023-04-22 05:43:26.903  INFO 69481 --- [    Test worker] h.springtx.propagation.LogRepository     : log 저장시 예외 발생
2023-04-22 05:43:26.905 TRACE 69481 --- [    Test worker] o.s.t.i.TransactionInterceptor           : Completing transaction for [hello.springtx.propagation.LogRepository.save] after exception: java.lang.RuntimeException: 예외 발생
2023-04-22 05:43:26.905 DEBUG 69481 --- [    Test worker] o.s.orm.jpa.JpaTransactionManager        : Initiating transaction rollback
2023-04-22 05:43:26.905 DEBUG 69481 --- [    Test worker] o.s.orm.jpa.JpaTransactionManager        : Rolling back JPA transaction on EntityManager [SessionImpl(1811787479<open>)]
2023-04-22 05:43:26.907 DEBUG 69481 --- [    Test worker] o.s.orm.jpa.JpaTransactionManager        : Closing JPA EntityManager [SessionImpl(1811787479<open>)] after transaction
2023-04-22 05:43:26.907 DEBUG 69481 --- [    Test worker] o.s.orm.jpa.JpaTransactionManager        : Resuming suspended transaction after completion of inner transaction
2023-04-22 05:43:26.907 TRACE 69481 --- [    Test worker] o.s.t.i.TransactionInterceptor           : Completing transaction for [hello.springtx.propagation.MemberService.joinV1] after exception: java.lang.RuntimeException: 예외 발생
2023-04-22 05:43:26.907 DEBUG 69481 --- [    Test worker] o.s.orm.jpa.JpaTransactionManager        : Initiating transaction rollback
2023-04-22 05:43:26.907 DEBUG 69481 --- [    Test worker] o.s.orm.jpa.JpaTransactionManager        : Rolling back JPA transaction on EntityManager [SessionImpl(407034937<open>)]
2023-04-22 05:43:26.907 DEBUG 69481 --- [    Test worker] o.s.orm.jpa.JpaTransactionManager        : Closing JPA EntityManager [SessionImpl(407034937<open>)] after transaction
2023-04-22 05:43:26.977 DEBUG 69481 --- [    Test worker] org.hibernate.SQL                        : select member0_.id as id1_1_, member0_.username as username2_1_ from member member0_ where member0_.username=?
2023-04-22 05:43:26.981 DEBUG 69481 --- [    Test worker] org.hibernate.SQL                        : select log0_.id as id1_0_, log0_.message as message2_0_ from log log0_ where log0_.message=?
2023-04-22 05:43:26.996 DEBUG 69481 --- [    Test worker] o.s.orm.jpa.JpaTransactionManager        : Creating new transaction with name [hello.springtx.propagation.MemberService.joinV2]: PROPAGATION_REQUIRED,ISOLATION_DEFAULT
2023-04-22 05:43:26.996 DEBUG 69481 --- [    Test worker] o.s.orm.jpa.JpaTransactionManager        : Opened new EntityManager [SessionImpl(1214869889<open>)] for JPA transaction
2023-04-22 05:43:26.997 DEBUG 69481 --- [    Test worker] o.s.orm.jpa.JpaTransactionManager        : Exposing JPA transaction as JDBC [org.springframework.orm.jpa.vendor.HibernateJpaDialect$HibernateConnectionHandle@7282f7b1]
2023-04-22 05:43:26.997 TRACE 69481 --- [    Test worker] o.s.t.i.TransactionInterceptor           : Getting transaction for [hello.springtx.propagation.MemberService.joinV2]
2023-04-22 05:43:26.997  INFO 69481 --- [    Test worker] h.springtx.propagation.MemberService     : == memberRepository 호출 시작 == 
2023-04-22 05:43:26.997 DEBUG 69481 --- [    Test worker] o.s.orm.jpa.JpaTransactionManager        : Found thread-bound EntityManager [SessionImpl(1214869889<open>)] for JPA transaction
2023-04-22 05:43:26.997 DEBUG 69481 --- [    Test worker] o.s.orm.jpa.JpaTransactionManager        : Participating in existing transaction
2023-04-22 05:43:26.997 TRACE 69481 --- [    Test worker] o.s.t.i.TransactionInterceptor           : Getting transaction for [hello.springtx.propagation.MemberRepository.save]
2023-04-22 05:43:26.997  INFO 69481 --- [    Test worker] h.springtx.propagation.MemberRepository  : member 저장
2023-04-22 05:43:26.998 DEBUG 69481 --- [    Test worker] org.hibernate.SQL                        : call next value for hibernate_sequence
2023-04-22 05:43:27.001 TRACE 69481 --- [    Test worker] o.s.t.i.TransactionInterceptor           : Completing transaction for [hello.springtx.propagation.MemberRepository.save]
2023-04-22 05:43:27.001  INFO 69481 --- [    Test worker] h.springtx.propagation.MemberService     : == memberRepository 호출 종료 ==
2023-04-22 05:43:27.001  INFO 69481 --- [    Test worker] h.springtx.propagation.MemberService     : == logRepository 호출 시작 ==
2023-04-22 05:43:27.001 DEBUG 69481 --- [    Test worker] o.s.orm.jpa.JpaTransactionManager        : Found thread-bound EntityManager [SessionImpl(1214869889<open>)] for JPA transaction
2023-04-22 05:43:27.001 DEBUG 69481 --- [    Test worker] o.s.orm.jpa.JpaTransactionManager        : Suspending current transaction, creating new transaction with name [hello.springtx.propagation.LogRepository.save]
2023-04-22 05:43:27.002 DEBUG 69481 --- [    Test worker] o.s.orm.jpa.JpaTransactionManager        : Opened new EntityManager [SessionImpl(1059781259<open>)] for JPA transaction
2023-04-22 05:43:27.002 DEBUG 69481 --- [    Test worker] o.s.orm.jpa.JpaTransactionManager        : Exposing JPA transaction as JDBC [org.springframework.orm.jpa.vendor.HibernateJpaDialect$HibernateConnectionHandle@6b2efcae]
2023-04-22 05:43:27.002 TRACE 69481 --- [    Test worker] o.s.t.i.TransactionInterceptor           : Getting transaction for [hello.springtx.propagation.LogRepository.save]
2023-04-22 05:43:27.002  INFO 69481 --- [    Test worker] h.springtx.propagation.LogRepository     : log 저장
2023-04-22 05:43:27.002 DEBUG 69481 --- [    Test worker] org.hibernate.SQL                        : call next value for hibernate_sequence
2023-04-22 05:43:27.002  INFO 69481 --- [    Test worker] h.springtx.propagation.LogRepository     : log 저장시 예외 발생
2023-04-22 05:43:27.002 TRACE 69481 --- [    Test worker] o.s.t.i.TransactionInterceptor           : Completing transaction for [hello.springtx.propagation.LogRepository.save] after exception: java.lang.RuntimeException: 예외 발생
2023-04-22 05:43:27.003 DEBUG 69481 --- [    Test worker] o.s.orm.jpa.JpaTransactionManager        : Initiating transaction rollback
2023-04-22 05:43:27.003 DEBUG 69481 --- [    Test worker] o.s.orm.jpa.JpaTransactionManager        : Rolling back JPA transaction on EntityManager [SessionImpl(1059781259<open>)]
2023-04-22 05:43:27.003 DEBUG 69481 --- [    Test worker] o.s.orm.jpa.JpaTransactionManager        : Closing JPA EntityManager [SessionImpl(1059781259<open>)] after transaction
2023-04-22 05:43:27.003 DEBUG 69481 --- [    Test worker] o.s.orm.jpa.JpaTransactionManager        : Resuming suspended transaction after completion of inner transaction
2023-04-22 05:43:27.003  INFO 69481 --- [    Test worker] h.springtx.propagation.MemberService     : log 저장에 실패했습니다. logMessage=로그예외_recoverException_success
2023-04-22 05:43:27.003  INFO 69481 --- [    Test worker] h.springtx.propagation.MemberService     : 정상 흐름 반환
2023-04-22 05:43:27.003  INFO 69481 --- [    Test worker] h.springtx.propagation.MemberService     : == logRepository 호출 종료 ==
2023-04-22 05:43:27.003 TRACE 69481 --- [    Test worker] o.s.t.i.TransactionInterceptor           : Completing transaction for [hello.springtx.propagation.MemberService.joinV2]
2023-04-22 05:43:27.003 DEBUG 69481 --- [    Test worker] o.s.orm.jpa.JpaTransactionManager        : Initiating transaction commit
2023-04-22 05:43:27.003 DEBUG 69481 --- [    Test worker] o.s.orm.jpa.JpaTransactionManager        : Committing JPA transaction on EntityManager [SessionImpl(1214869889<open>)]
2023-04-22 05:43:27.008 DEBUG 69481 --- [    Test worker] org.hibernate.SQL                        : insert into member (username, id) values (?, ?)
2023-04-22 05:43:27.010 DEBUG 69481 --- [    Test worker] o.s.orm.jpa.JpaTransactionManager        : Closing JPA EntityManager [SessionImpl(1214869889<open>)] after transaction
2023-04-22 05:43:27.010 DEBUG 69481 --- [    Test worker] org.hibernate.SQL                        : select member0_.id as id1_1_, member0_.username as username2_1_ from member member0_ where member0_.username=?
2023-04-22 05:43:27.013 DEBUG 69481 --- [    Test worker] org.hibernate.SQL                        : select log0_.id as id1_0_, log0_.message as message2_0_ from log log0_ where log0_.message=?
]]></system-out>
  <system-err><![CDATA[]]></system-err>
</testsuite>
