<?xml version="1.0" encoding="UTF-8"?>
<testsuite name="hello.springtx.apply.order.OrderServiceTest" tests="3" skipped="0" failures="0" errors="0" timestamp="2023-04-19T18:13:13" hostname="wooui-MacBookAir.local" time="0.155">
  <properties/>
  <testcase name="runTimeException()" classname="hello.springtx.apply.order.OrderServiceTest" time="0.128"/>
  <testcase name="complete()" classname="hello.springtx.apply.order.OrderServiceTest" time="0.023"/>
  <testcase name="bizException()" classname="hello.springtx.apply.order.OrderServiceTest" time="0.004"/>
  <system-out><![CDATA[03:13:12.085 [Test worker] DEBUG org.springframework.test.context.BootstrapUtils - Instantiating CacheAwareContextLoaderDelegate from class [org.springframework.test.context.cache.DefaultCacheAwareContextLoaderDelegate]
03:13:12.090 [Test worker] DEBUG org.springframework.test.context.BootstrapUtils - Instantiating BootstrapContext using constructor [public org.springframework.test.context.support.DefaultBootstrapContext(java.lang.Class,org.springframework.test.context.CacheAwareContextLoaderDelegate)]
03:13:12.113 [Test worker] DEBUG org.springframework.test.context.BootstrapUtils - Instantiating TestContextBootstrapper for test class [hello.springtx.apply.order.OrderServiceTest] from class [org.springframework.boot.test.context.SpringBootTestContextBootstrapper]
03:13:12.119 [Test worker] INFO org.springframework.boot.test.context.SpringBootTestContextBootstrapper - Neither @ContextConfiguration nor @ContextHierarchy found for test class [hello.springtx.apply.order.OrderServiceTest], using SpringBootContextLoader
03:13:12.121 [Test worker] DEBUG org.springframework.test.context.support.AbstractContextLoader - Did not detect default resource location for test class [hello.springtx.apply.order.OrderServiceTest]: class path resource [hello/springtx/apply/order/OrderServiceTest-context.xml] does not exist
03:13:12.121 [Test worker] DEBUG org.springframework.test.context.support.AbstractContextLoader - Did not detect default resource location for test class [hello.springtx.apply.order.OrderServiceTest]: class path resource [hello/springtx/apply/order/OrderServiceTestContext.groovy] does not exist
03:13:12.121 [Test worker] INFO org.springframework.test.context.support.AbstractContextLoader - Could not detect default resource locations for test class [hello.springtx.apply.order.OrderServiceTest]: no resource found for suffixes {-context.xml, Context.groovy}.
03:13:12.122 [Test worker] INFO org.springframework.test.context.support.AnnotationConfigContextLoaderUtils - Could not detect default configuration classes for test class [hello.springtx.apply.order.OrderServiceTest]: OrderServiceTest does not declare any static, non-private, non-final, nested classes annotated with @Configuration.
03:13:12.145 [Test worker] DEBUG org.springframework.test.context.support.ActiveProfilesUtils - Could not find an 'annotation declaring class' for annotation type [org.springframework.test.context.ActiveProfiles] and class [hello.springtx.apply.order.OrderServiceTest]
03:13:12.184 [Test worker] DEBUG org.springframework.context.annotation.ClassPathScanningCandidateComponentProvider - Identified candidate component class: file [/Users/woo/Desktop/code/StudySpring/DB2프록시/build/classes/java/main/hello/springtx/SpringtxApplication.class]
03:13:12.184 [Test worker] INFO org.springframework.boot.test.context.SpringBootTestContextBootstrapper - Found @SpringBootConfiguration hello.springtx.SpringtxApplication for test class hello.springtx.apply.order.OrderServiceTest
03:13:12.225 [Test worker] DEBUG org.springframework.boot.test.context.SpringBootTestContextBootstrapper - @TestExecutionListeners is not present for class [hello.springtx.apply.order.OrderServiceTest]: using defaults.
03:13:12.226 [Test worker] INFO org.springframework.boot.test.context.SpringBootTestContextBootstrapper - Loaded default TestExecutionListener class names from location [META-INF/spring.factories]: [org.springframework.boot.test.autoconfigure.restdocs.RestDocsTestExecutionListener, org.springframework.boot.test.autoconfigure.web.client.MockRestServiceServerResetTestExecutionListener, org.springframework.boot.test.autoconfigure.web.servlet.MockMvcPrintOnlyOnFailureTestExecutionListener, org.springframework.boot.test.autoconfigure.web.servlet.WebDriverTestExecutionListener, org.springframework.boot.test.autoconfigure.webservices.client.MockWebServiceServerTestExecutionListener, org.springframework.boot.test.mock.mockito.MockitoTestExecutionListener, org.springframework.boot.test.mock.mockito.ResetMocksTestExecutionListener, org.springframework.test.context.web.ServletTestExecutionListener, org.springframework.test.context.support.DirtiesContextBeforeModesTestExecutionListener, org.springframework.test.context.event.ApplicationEventsTestExecutionListener, org.springframework.test.context.support.DependencyInjectionTestExecutionListener, org.springframework.test.context.support.DirtiesContextTestExecutionListener, org.springframework.test.context.transaction.TransactionalTestExecutionListener, org.springframework.test.context.jdbc.SqlScriptsTestExecutionListener, org.springframework.test.context.event.EventPublishingTestExecutionListener]
03:13:12.229 [Test worker] DEBUG org.springframework.boot.test.context.SpringBootTestContextBootstrapper - Skipping candidate TestExecutionListener [org.springframework.test.context.web.ServletTestExecutionListener] due to a missing dependency. Specify custom listener classes or make the default listener classes and their required dependencies available. Offending class: [javax/servlet/ServletContext]
03:13:12.233 [Test worker] INFO org.springframework.boot.test.context.SpringBootTestContextBootstrapper - Using TestExecutionListeners: [org.springframework.test.context.support.DirtiesContextBeforeModesTestExecutionListener@344561e0, org.springframework.test.context.event.ApplicationEventsTestExecutionListener@66d23e4a, org.springframework.boot.test.mock.mockito.MockitoTestExecutionListener@36ac8a63, org.springframework.boot.test.autoconfigure.SpringBootDependencyInjectionTestExecutionListener@4d9d1b69, org.springframework.test.context.support.DirtiesContextTestExecutionListener@52c8295b, org.springframework.test.context.transaction.TransactionalTestExecutionListener@251f7d26, org.springframework.test.context.jdbc.SqlScriptsTestExecutionListener@77b21474, org.springframework.test.context.event.EventPublishingTestExecutionListener@52d10fb8, org.springframework.boot.test.autoconfigure.restdocs.RestDocsTestExecutionListener@41c07648, org.springframework.boot.test.autoconfigure.web.client.MockRestServiceServerResetTestExecutionListener@1fe8d51b, org.springframework.boot.test.autoconfigure.web.servlet.MockMvcPrintOnlyOnFailureTestExecutionListener@781e7326, org.springframework.boot.test.autoconfigure.web.servlet.WebDriverTestExecutionListener@22680f52, org.springframework.boot.test.autoconfigure.webservices.client.MockWebServiceServerTestExecutionListener@60d84f61, org.springframework.boot.test.mock.mockito.ResetMocksTestExecutionListener@39c11e6c]
03:13:12.235 [Test worker] DEBUG org.springframework.test.context.support.AbstractDirtiesContextTestExecutionListener - Before test class: context [DefaultTestContext@3a80515c testClass = OrderServiceTest, testInstance = [null], testMethod = [null], testException = [null], mergedContextConfiguration = [MergedContextConfiguration@547e29a4 testClass = OrderServiceTest, locations = '{}', classes = '{class hello.springtx.SpringtxApplication}', contextInitializerClasses = '[]', activeProfiles = '{}', propertySourceLocations = '{}', propertySourceProperties = '{org.springframework.boot.test.context.SpringBootTestContextBootstrapper=true}', contextCustomizers = set[org.springframework.boot.test.autoconfigure.actuate.metrics.MetricsExportContextCustomizerFactory$DisableMetricExportContextCustomizer@6da00fb9, org.springframework.boot.test.autoconfigure.properties.PropertyMappingContextCustomizer@0, org.springframework.boot.test.autoconfigure.web.servlet.WebDriverContextCustomizerFactory$Customizer@68b6f0d6, org.springframework.boot.test.context.filter.ExcludeFilterContextCustomizer@3b7ff809, org.springframework.boot.test.json.DuplicateJsonObjectContextCustomizerFactory$DuplicateJsonObjectContextCustomizer@4b20ca2b, org.springframework.boot.test.mock.mockito.MockitoContextCustomizer@0, org.springframework.boot.test.web.client.TestRestTemplateContextCustomizer@57fd91c9, org.springframework.boot.test.context.SpringBootTestArgs@1, org.springframework.boot.test.context.SpringBootTestWebEnvironment@74287ea3], contextLoader = 'org.springframework.boot.test.context.SpringBootContextLoader', parent = [null]], attributes = map[[empty]]], class annotated with @DirtiesContext [false] with mode [null].
03:13:12.240 [Test worker] DEBUG org.springframework.test.context.support.DependencyInjectionTestExecutionListener - Performing dependency injection for test context [[DefaultTestContext@3a80515c testClass = OrderServiceTest, testInstance = hello.springtx.apply.order.OrderServiceTest@3abd581e, testMethod = [null], testException = [null], mergedContextConfiguration = [MergedContextConfiguration@547e29a4 testClass = OrderServiceTest, locations = '{}', classes = '{class hello.springtx.SpringtxApplication}', contextInitializerClasses = '[]', activeProfiles = '{}', propertySourceLocations = '{}', propertySourceProperties = '{org.springframework.boot.test.context.SpringBootTestContextBootstrapper=true}', contextCustomizers = set[org.springframework.boot.test.autoconfigure.actuate.metrics.MetricsExportContextCustomizerFactory$DisableMetricExportContextCustomizer@6da00fb9, org.springframework.boot.test.autoconfigure.properties.PropertyMappingContextCustomizer@0, org.springframework.boot.test.autoconfigure.web.servlet.WebDriverContextCustomizerFactory$Customizer@68b6f0d6, org.springframework.boot.test.context.filter.ExcludeFilterContextCustomizer@3b7ff809, org.springframework.boot.test.json.DuplicateJsonObjectContextCustomizerFactory$DuplicateJsonObjectContextCustomizer@4b20ca2b, org.springframework.boot.test.mock.mockito.MockitoContextCustomizer@0, org.springframework.boot.test.web.client.TestRestTemplateContextCustomizer@57fd91c9, org.springframework.boot.test.context.SpringBootTestArgs@1, org.springframework.boot.test.context.SpringBootTestWebEnvironment@74287ea3], contextLoader = 'org.springframework.boot.test.context.SpringBootContextLoader', parent = [null]], attributes = map['org.springframework.test.context.event.ApplicationEventsTestExecutionListener.recordApplicationEvents' -> false]]].

  .   ____          _            __ _ _
 /\\ / ___'_ __ _ _(_)_ __  __ _ \ \ \ \
( ( )\___ | '_ | '_| | '_ \/ _` | \ \ \ \
 \\/  ___)| |_)| | | | | || (_| |  ) ) ) )
  '  |____| .__|_| |_|_| |_\__, | / / / /
 =========|_|==============|___/=/_/_/_/
 :: Spring Boot ::               (v2.7.10)

2023-04-20 03:13:12.534  INFO 61891 --- [    Test worker] h.springtx.apply.order.OrderServiceTest  : Starting OrderServiceTest using Java 11.0.14.1 on wooui-MacBookAir.local with PID 61891 (started by woo in /Users/woo/Desktop/code/StudySpring/DB2프록시)
2023-04-20 03:13:12.534  INFO 61891 --- [    Test worker] h.springtx.apply.order.OrderServiceTest  : No active profile set, falling back to 1 default profile: "default"
2023-04-20 03:13:12.730  INFO 61891 --- [    Test worker] .s.d.r.c.RepositoryConfigurationDelegate : Bootstrapping Spring Data JPA repositories in DEFAULT mode.
2023-04-20 03:13:12.752  INFO 61891 --- [    Test worker] .s.d.r.c.RepositoryConfigurationDelegate : Finished Spring Data repository scanning in 18 ms. Found 1 JPA repository interfaces.
2023-04-20 03:13:12.956  INFO 61891 --- [    Test worker] com.zaxxer.hikari.HikariDataSource       : HikariPool-1 - Starting...
2023-04-20 03:13:13.072  INFO 61891 --- [    Test worker] com.zaxxer.hikari.HikariDataSource       : HikariPool-1 - Start completed.
2023-04-20 03:13:13.114  INFO 61891 --- [    Test worker] o.hibernate.jpa.internal.util.LogHelper  : HHH000204: Processing PersistenceUnitInfo [name: default]
2023-04-20 03:13:13.144  INFO 61891 --- [    Test worker] org.hibernate.Version                    : HHH000412: Hibernate ORM core version 5.6.15.Final
2023-04-20 03:13:13.242  INFO 61891 --- [    Test worker] o.hibernate.annotations.common.Version   : HCANN000001: Hibernate Commons Annotations {5.1.2.Final}
2023-04-20 03:13:13.309  INFO 61891 --- [    Test worker] org.hibernate.dialect.Dialect            : HHH000400: Using dialect: org.hibernate.dialect.H2Dialect
2023-04-20 03:13:13.595 DEBUG 61891 --- [    Test worker] org.hibernate.SQL                        : drop table if exists orders CASCADE 
2023-04-20 03:13:13.597 DEBUG 61891 --- [    Test worker] org.hibernate.SQL                        : drop sequence if exists hibernate_sequence
2023-04-20 03:13:13.598 DEBUG 61891 --- [    Test worker] org.hibernate.SQL                        : create sequence hibernate_sequence start with 1 increment by 1
2023-04-20 03:13:13.599 DEBUG 61891 --- [    Test worker] org.hibernate.SQL                        : create table orders (id bigint not null, pay_status varchar(255), username varchar(255), primary key (id))
2023-04-20 03:13:13.602  INFO 61891 --- [    Test worker] o.h.e.t.j.p.i.JtaPlatformInitiator       : HHH000490: Using JtaPlatform implementation: [org.hibernate.engine.transaction.jta.platform.internal.NoJtaPlatform]
2023-04-20 03:13:13.607  INFO 61891 --- [    Test worker] j.LocalContainerEntityManagerFactoryBean : Initialized JPA EntityManagerFactory for persistence unit 'default'
2023-04-20 03:13:13.831  INFO 61891 --- [    Test worker] h.springtx.apply.order.OrderServiceTest  : Started OrderServiceTest in 1.574 seconds (JVM running for 2.165)
2023-04-20 03:13:13.904 DEBUG 61891 --- [    Test worker] o.s.orm.jpa.JpaTransactionManager        : Creating new transaction with name [hello.springtx.order.OrderService.order]: PROPAGATION_REQUIRED,ISOLATION_DEFAULT
2023-04-20 03:13:13.904 DEBUG 61891 --- [    Test worker] o.s.orm.jpa.JpaTransactionManager        : Opened new EntityManager [SessionImpl(743800558<open>)] for JPA transaction
2023-04-20 03:13:13.906 DEBUG 61891 --- [    Test worker] o.s.orm.jpa.JpaTransactionManager        : Exposing JPA transaction as JDBC [org.springframework.orm.jpa.vendor.HibernateJpaDialect$HibernateConnectionHandle@7acfcfc4]
2023-04-20 03:13:13.906 TRACE 61891 --- [    Test worker] o.s.t.i.TransactionInterceptor           : Getting transaction for [hello.springtx.order.OrderService.order]
2023-04-20 03:13:13.913  INFO 61891 --- [    Test worker] hello.springtx.order.OrderService        : order 호출
2023-04-20 03:13:13.914 DEBUG 61891 --- [    Test worker] o.s.orm.jpa.JpaTransactionManager        : Found thread-bound EntityManager [SessionImpl(743800558<open>)] for JPA transaction
2023-04-20 03:13:13.914 DEBUG 61891 --- [    Test worker] o.s.orm.jpa.JpaTransactionManager        : Participating in existing transaction
2023-04-20 03:13:13.914 TRACE 61891 --- [    Test worker] o.s.t.i.TransactionInterceptor           : Getting transaction for [org.springframework.data.jpa.repository.support.SimpleJpaRepository.save]
2023-04-20 03:13:13.919 DEBUG 61891 --- [    Test worker] org.hibernate.SQL                        : call next value for hibernate_sequence
2023-04-20 03:13:13.940 TRACE 61891 --- [    Test worker] o.s.t.i.TransactionInterceptor           : Completing transaction for [org.springframework.data.jpa.repository.support.SimpleJpaRepository.save]
2023-04-20 03:13:13.940  INFO 61891 --- [    Test worker] hello.springtx.order.OrderService        : 결제 프로세스 진입
2023-04-20 03:13:13.940  INFO 61891 --- [    Test worker] hello.springtx.order.OrderService        : 시스템 예외 발생
2023-04-20 03:13:13.940 TRACE 61891 --- [    Test worker] o.s.t.i.TransactionInterceptor           : Completing transaction for [hello.springtx.order.OrderService.order] after exception: java.lang.RuntimeException: 시스템 예외
2023-04-20 03:13:13.940 DEBUG 61891 --- [    Test worker] o.s.orm.jpa.JpaTransactionManager        : Initiating transaction rollback
2023-04-20 03:13:13.940 DEBUG 61891 --- [    Test worker] o.s.orm.jpa.JpaTransactionManager        : Rolling back JPA transaction on EntityManager [SessionImpl(743800558<open>)]
2023-04-20 03:13:13.941 DEBUG 61891 --- [    Test worker] o.s.orm.jpa.JpaTransactionManager        : Closing JPA EntityManager [SessionImpl(743800558<open>)] after transaction
2023-04-20 03:13:13.950 DEBUG 61891 --- [    Test worker] o.s.orm.jpa.JpaTransactionManager        : Creating new transaction with name [org.springframework.data.jpa.repository.support.SimpleJpaRepository.findById]: PROPAGATION_REQUIRED,ISOLATION_DEFAULT,readOnly
2023-04-20 03:13:13.950 DEBUG 61891 --- [    Test worker] o.s.orm.jpa.JpaTransactionManager        : Opened new EntityManager [SessionImpl(1024651365<open>)] for JPA transaction
2023-04-20 03:13:13.951 DEBUG 61891 --- [    Test worker] o.s.orm.jpa.JpaTransactionManager        : Exposing JPA transaction as JDBC [org.springframework.orm.jpa.vendor.HibernateJpaDialect$HibernateConnectionHandle@57fc6759]
2023-04-20 03:13:13.951 TRACE 61891 --- [    Test worker] o.s.t.i.TransactionInterceptor           : Getting transaction for [org.springframework.data.jpa.repository.support.SimpleJpaRepository.findById]
2023-04-20 03:13:13.955 DEBUG 61891 --- [    Test worker] org.hibernate.SQL                        : select order0_.id as id1_0_0_, order0_.pay_status as pay_stat2_0_0_, order0_.username as username3_0_0_ from orders order0_ where order0_.id=?
2023-04-20 03:13:13.958 TRACE 61891 --- [    Test worker] o.s.t.i.TransactionInterceptor           : Completing transaction for [org.springframework.data.jpa.repository.support.SimpleJpaRepository.findById]
2023-04-20 03:13:13.958 DEBUG 61891 --- [    Test worker] o.s.orm.jpa.JpaTransactionManager        : Initiating transaction commit
2023-04-20 03:13:13.958 DEBUG 61891 --- [    Test worker] o.s.orm.jpa.JpaTransactionManager        : Committing JPA transaction on EntityManager [SessionImpl(1024651365<open>)]
2023-04-20 03:13:13.958 DEBUG 61891 --- [    Test worker] o.s.orm.jpa.JpaTransactionManager        : Closing JPA EntityManager [SessionImpl(1024651365<open>)] after transaction
2023-04-20 03:13:13.964 DEBUG 61891 --- [    Test worker] o.s.orm.jpa.JpaTransactionManager        : Creating new transaction with name [hello.springtx.order.OrderService.order]: PROPAGATION_REQUIRED,ISOLATION_DEFAULT
2023-04-20 03:13:13.964 DEBUG 61891 --- [    Test worker] o.s.orm.jpa.JpaTransactionManager        : Opened new EntityManager [SessionImpl(903028779<open>)] for JPA transaction
2023-04-20 03:13:13.964 DEBUG 61891 --- [    Test worker] o.s.orm.jpa.JpaTransactionManager        : Exposing JPA transaction as JDBC [org.springframework.orm.jpa.vendor.HibernateJpaDialect$HibernateConnectionHandle@2dfd157b]
2023-04-20 03:13:13.965 TRACE 61891 --- [    Test worker] o.s.t.i.TransactionInterceptor           : Getting transaction for [hello.springtx.order.OrderService.order]
2023-04-20 03:13:13.965  INFO 61891 --- [    Test worker] hello.springtx.order.OrderService        : order 호출
2023-04-20 03:13:13.965 DEBUG 61891 --- [    Test worker] o.s.orm.jpa.JpaTransactionManager        : Found thread-bound EntityManager [SessionImpl(903028779<open>)] for JPA transaction
2023-04-20 03:13:13.965 DEBUG 61891 --- [    Test worker] o.s.orm.jpa.JpaTransactionManager        : Participating in existing transaction
2023-04-20 03:13:13.965 TRACE 61891 --- [    Test worker] o.s.t.i.TransactionInterceptor           : Getting transaction for [org.springframework.data.jpa.repository.support.SimpleJpaRepository.save]
2023-04-20 03:13:13.965 DEBUG 61891 --- [    Test worker] org.hibernate.SQL                        : call next value for hibernate_sequence
2023-04-20 03:13:13.965 TRACE 61891 --- [    Test worker] o.s.t.i.TransactionInterceptor           : Completing transaction for [org.springframework.data.jpa.repository.support.SimpleJpaRepository.save]
2023-04-20 03:13:13.965  INFO 61891 --- [    Test worker] hello.springtx.order.OrderService        : 결제 프로세스 진입
2023-04-20 03:13:13.965  INFO 61891 --- [    Test worker] hello.springtx.order.OrderService        : 정상 승인
2023-04-20 03:13:13.965  INFO 61891 --- [    Test worker] hello.springtx.order.OrderService        : 결제 프로세스 완료
2023-04-20 03:13:13.965 TRACE 61891 --- [    Test worker] o.s.t.i.TransactionInterceptor           : Completing transaction for [hello.springtx.order.OrderService.order]
2023-04-20 03:13:13.965 DEBUG 61891 --- [    Test worker] o.s.orm.jpa.JpaTransactionManager        : Initiating transaction commit
2023-04-20 03:13:13.965 DEBUG 61891 --- [    Test worker] o.s.orm.jpa.JpaTransactionManager        : Committing JPA transaction on EntityManager [SessionImpl(903028779<open>)]
2023-04-20 03:13:13.970 DEBUG 61891 --- [    Test worker] org.hibernate.SQL                        : insert into orders (pay_status, username, id) values (?, ?, ?)
2023-04-20 03:13:13.971 DEBUG 61891 --- [    Test worker] org.hibernate.SQL                        : update orders set pay_status=?, username=? where id=?
2023-04-20 03:13:13.974 DEBUG 61891 --- [    Test worker] o.s.orm.jpa.JpaTransactionManager        : Closing JPA EntityManager [SessionImpl(903028779<open>)] after transaction
2023-04-20 03:13:13.975 DEBUG 61891 --- [    Test worker] o.s.orm.jpa.JpaTransactionManager        : Creating new transaction with name [org.springframework.data.jpa.repository.support.SimpleJpaRepository.findById]: PROPAGATION_REQUIRED,ISOLATION_DEFAULT,readOnly
2023-04-20 03:13:13.975 DEBUG 61891 --- [    Test worker] o.s.orm.jpa.JpaTransactionManager        : Opened new EntityManager [SessionImpl(102849021<open>)] for JPA transaction
2023-04-20 03:13:13.975 DEBUG 61891 --- [    Test worker] o.s.orm.jpa.JpaTransactionManager        : Exposing JPA transaction as JDBC [org.springframework.orm.jpa.vendor.HibernateJpaDialect$HibernateConnectionHandle@28e8dee7]
2023-04-20 03:13:13.975 TRACE 61891 --- [    Test worker] o.s.t.i.TransactionInterceptor           : Getting transaction for [org.springframework.data.jpa.repository.support.SimpleJpaRepository.findById]
2023-04-20 03:13:13.975 DEBUG 61891 --- [    Test worker] org.hibernate.SQL                        : select order0_.id as id1_0_0_, order0_.pay_status as pay_stat2_0_0_, order0_.username as username3_0_0_ from orders order0_ where order0_.id=?
2023-04-20 03:13:13.978 TRACE 61891 --- [    Test worker] o.s.t.i.TransactionInterceptor           : Completing transaction for [org.springframework.data.jpa.repository.support.SimpleJpaRepository.findById]
2023-04-20 03:13:13.978 DEBUG 61891 --- [    Test worker] o.s.orm.jpa.JpaTransactionManager        : Initiating transaction commit
2023-04-20 03:13:13.979 DEBUG 61891 --- [    Test worker] o.s.orm.jpa.JpaTransactionManager        : Committing JPA transaction on EntityManager [SessionImpl(102849021<open>)]
2023-04-20 03:13:13.979 DEBUG 61891 --- [    Test worker] o.s.orm.jpa.JpaTransactionManager        : Closing JPA EntityManager [SessionImpl(102849021<open>)] after transaction
2023-04-20 03:13:13.987 DEBUG 61891 --- [    Test worker] o.s.orm.jpa.JpaTransactionManager        : Creating new transaction with name [hello.springtx.order.OrderService.order]: PROPAGATION_REQUIRED,ISOLATION_DEFAULT
2023-04-20 03:13:13.987 DEBUG 61891 --- [    Test worker] o.s.orm.jpa.JpaTransactionManager        : Opened new EntityManager [SessionImpl(2144647660<open>)] for JPA transaction
2023-04-20 03:13:13.987 DEBUG 61891 --- [    Test worker] o.s.orm.jpa.JpaTransactionManager        : Exposing JPA transaction as JDBC [org.springframework.orm.jpa.vendor.HibernateJpaDialect$HibernateConnectionHandle@10553a61]
2023-04-20 03:13:13.987 TRACE 61891 --- [    Test worker] o.s.t.i.TransactionInterceptor           : Getting transaction for [hello.springtx.order.OrderService.order]
2023-04-20 03:13:13.987  INFO 61891 --- [    Test worker] hello.springtx.order.OrderService        : order 호출
2023-04-20 03:13:13.987 DEBUG 61891 --- [    Test worker] o.s.orm.jpa.JpaTransactionManager        : Found thread-bound EntityManager [SessionImpl(2144647660<open>)] for JPA transaction
2023-04-20 03:13:13.988 DEBUG 61891 --- [    Test worker] o.s.orm.jpa.JpaTransactionManager        : Participating in existing transaction
2023-04-20 03:13:13.988 TRACE 61891 --- [    Test worker] o.s.t.i.TransactionInterceptor           : Getting transaction for [org.springframework.data.jpa.repository.support.SimpleJpaRepository.save]
2023-04-20 03:13:13.988 DEBUG 61891 --- [    Test worker] org.hibernate.SQL                        : call next value for hibernate_sequence
2023-04-20 03:13:13.988 TRACE 61891 --- [    Test worker] o.s.t.i.TransactionInterceptor           : Completing transaction for [org.springframework.data.jpa.repository.support.SimpleJpaRepository.save]
2023-04-20 03:13:13.988  INFO 61891 --- [    Test worker] hello.springtx.order.OrderService        : 결제 프로세스 진입
2023-04-20 03:13:13.988  INFO 61891 --- [    Test worker] hello.springtx.order.OrderService        : 잔고 부족 비지니스 예외 발생
2023-04-20 03:13:13.988 TRACE 61891 --- [    Test worker] o.s.t.i.TransactionInterceptor           : Completing transaction for [hello.springtx.order.OrderService.order] after exception: hello.springtx.order.NotEnoughMoneyException: 잔고가 부족합니다
2023-04-20 03:13:13.988 DEBUG 61891 --- [    Test worker] o.s.orm.jpa.JpaTransactionManager        : Initiating transaction commit
2023-04-20 03:13:13.988 DEBUG 61891 --- [    Test worker] o.s.orm.jpa.JpaTransactionManager        : Committing JPA transaction on EntityManager [SessionImpl(2144647660<open>)]
2023-04-20 03:13:13.988 DEBUG 61891 --- [    Test worker] org.hibernate.SQL                        : insert into orders (pay_status, username, id) values (?, ?, ?)
2023-04-20 03:13:13.988 DEBUG 61891 --- [    Test worker] org.hibernate.SQL                        : update orders set pay_status=?, username=? where id=?
2023-04-20 03:13:13.989 DEBUG 61891 --- [    Test worker] o.s.orm.jpa.JpaTransactionManager        : Closing JPA EntityManager [SessionImpl(2144647660<open>)] after transaction
2023-04-20 03:13:13.989  INFO 61891 --- [    Test worker] h.springtx.apply.order.OrderServiceTest  : 고객에게 잔고 부족을 알리고 별도의 계좌로 입금하도록 안내
2023-04-20 03:13:13.989 DEBUG 61891 --- [    Test worker] o.s.orm.jpa.JpaTransactionManager        : Creating new transaction with name [org.springframework.data.jpa.repository.support.SimpleJpaRepository.findById]: PROPAGATION_REQUIRED,ISOLATION_DEFAULT,readOnly
2023-04-20 03:13:13.989 DEBUG 61891 --- [    Test worker] o.s.orm.jpa.JpaTransactionManager        : Opened new EntityManager [SessionImpl(1633714160<open>)] for JPA transaction
2023-04-20 03:13:13.989 DEBUG 61891 --- [    Test worker] o.s.orm.jpa.JpaTransactionManager        : Exposing JPA transaction as JDBC [org.springframework.orm.jpa.vendor.HibernateJpaDialect$HibernateConnectionHandle@58945295]
2023-04-20 03:13:13.989 TRACE 61891 --- [    Test worker] o.s.t.i.TransactionInterceptor           : Getting transaction for [org.springframework.data.jpa.repository.support.SimpleJpaRepository.findById]
2023-04-20 03:13:13.989 DEBUG 61891 --- [    Test worker] org.hibernate.SQL                        : select order0_.id as id1_0_0_, order0_.pay_status as pay_stat2_0_0_, order0_.username as username3_0_0_ from orders order0_ where order0_.id=?
2023-04-20 03:13:13.989 TRACE 61891 --- [    Test worker] o.s.t.i.TransactionInterceptor           : Completing transaction for [org.springframework.data.jpa.repository.support.SimpleJpaRepository.findById]
2023-04-20 03:13:13.989 DEBUG 61891 --- [    Test worker] o.s.orm.jpa.JpaTransactionManager        : Initiating transaction commit
2023-04-20 03:13:13.989 DEBUG 61891 --- [    Test worker] o.s.orm.jpa.JpaTransactionManager        : Committing JPA transaction on EntityManager [SessionImpl(1633714160<open>)]
2023-04-20 03:13:13.989 DEBUG 61891 --- [    Test worker] o.s.orm.jpa.JpaTransactionManager        : Closing JPA EntityManager [SessionImpl(1633714160<open>)] after transaction
]]></system-out>
  <system-err><![CDATA[]]></system-err>
</testsuite>
